<?xml version="1.0" encoding="UTF-8"?>
<!-- Generated by org.testng.reporters.JUnitReportReporter -->
<testsuite skipped="0" hostname="DESKTOP-DLHG0KF" name="org.Treebo.practice.Abhi" tests="1" failures="0" timestamp="13 Sep 2022 04:42:47 GMT" time="0.016" errors="0">
  <testcase name="practice" time="0.016" classname="org.Treebo.practice.Abhi"/>
</testsuite> <!-- org.Treebo.practice.Abhi -->
