<?xml version="1.0" encoding="UTF-8"?>
<!-- Generated by org.testng.reporters.JUnitReportReporter -->
<testsuite hostname="DESKTOP-DLHG0KF" failures="0" tests="1" name="org.treebo.practice.Tc_AutomateTest" time="6.794" errors="0" timestamp="2022-09-19T15:35:27 IST" skipped="0">
  <testcase classname="org.treebo.practice.Tc_AutomateTest" name="tc_automate" time="6.794"/>
  <system-out/>
</testsuite> <!-- org.treebo.practice.Tc_AutomateTest -->
