<?xml version="1.0" encoding="UTF-8"?>
<!-- Generated by org.testng.reporters.JUnitReportReporter -->
<testsuite hostname="DESKTOP-DLHG0KF" failures="0" tests="1" name="org.treebo.practice.TC_4Test" time="6.196" errors="0" timestamp="2022-09-19T15:39:48 IST" skipped="0">
  <testcase classname="org.treebo.practice.TC_4Test" name="tc_4" time="6.196"/>
  <system-out/>
</testsuite> <!-- org.treebo.practice.TC_4Test -->
