<?xml version="1.0" encoding="UTF-8"?>
<!-- Generated by org.testng.reporters.JUnitReportReporter -->
<testsuite skipped="0" hostname="DESKTOP-DLHG0KF" name="org.sdet40.generirutility.NewTest1111" tests="1" failures="0" timestamp="12 Sep 2022 10:52:29 GMT" time="0.012" errors="0">
  <testcase name="f" time="0.012" classname="org.sdet40.generirutility.NewTest1111"/>
</testsuite> <!-- org.sdet40.generirutility.NewTest1111 -->
