<?xml version="1.0" encoding="UTF-8"?>
<!-- Generated by org.testng.reporters.JUnitReportReporter -->
<testsuite hostname="DESKTOP-DLHG0KF" failures="0" tests="4" name="org.Treebo.practice.Dataprovider" time="0.015" errors="0" timestamp="2022-09-16T15:08:45 IST" skipped="0">
  <testcase classname="org.Treebo.practice.Dataprovider" name="xyz" time="0.001"/>
  <system-out/>
  <testcase classname="org.Treebo.practice.Dataprovider" name="xyz" time="0.009"/>
  <system-out/>
  <testcase classname="org.Treebo.practice.Dataprovider" name="xyz" time="0.003"/>
  <system-out/>
  <testcase classname="org.Treebo.practice.Dataprovider" name="xyz" time="0.002"/>
  <system-out/>
</testsuite> <!-- org.Treebo.practice.Dataprovider -->
