<?xml version="1.0" encoding="UTF-8"?>
<!-- Generated by org.testng.reporters.JUnitReportReporter -->
<testsuite hostname="DESKTOP-DLHG0KF" failures="0" tests="2" name="org.sdet40.generirutility.FetchDataBasedOnKey" time="1.995" errors="0" timestamp="2022-09-13T16:16:38 IST" skipped="0">
  <testcase classname="org.sdet40.generirutility.FetchDataBasedOnKey" name="annotation1" time="1.987"/>
  <system-out/>
  <testcase classname="org.sdet40.generirutility.FetchDataBasedOnKey" name="anno" time="0.008"/>
  <system-out/>
</testsuite> <!-- org.sdet40.generirutility.FetchDataBasedOnKey -->
