<?xml version="1.0" encoding="UTF-8"?>
<!-- Generated by org.testng.reporters.JUnitReportReporter -->
<testsuite skipped="0" hostname="DESKTOP-DLHG0KF" name="org.sdet40.generirutility.NewTest" tests="1" failures="0" timestamp="13 Sep 2022 04:26:43 GMT" time="0.013" errors="0">
  <testcase name="f" time="0.013" classname="org.sdet40.generirutility.NewTest"/>
</testsuite> <!-- org.sdet40.generirutility.NewTest -->
