<?xml version="1.0" encoding="UTF-8"?>
<!-- Generated by org.testng.reporters.JUnitReportReporter -->
<testsuite hostname="DESKTOP-DLHG0KF" failures="0" tests="1" name="org.sdet40.generirutility.NewTest222" time="0.018" errors="0" timestamp="2022-09-13T16:46:29 IST" skipped="0">
  <testcase classname="org.sdet40.generirutility.NewTest222" name="f" time="0.018"/>
  <system-out/>
</testsuite> <!-- org.sdet40.generirutility.NewTest222 -->
