<?xml version="1.0" encoding="UTF-8"?>
<!-- Generated by org.testng.reporters.JUnitReportReporter -->
<testsuite skipped="0" hostname="DESKTOP-DLHG0KF" name="org.sdet40.generirutility.Pratice_testngTest" tests="1" failures="0" timestamp="09 Sep 2022 04:54:44 GMT" time="0.000" errors="0">
  <testcase name="f" time="0.000" classname="org.sdet40.generirutility.Pratice_testngTest"/>
</testsuite> <!-- org.sdet40.generirutility.Pratice_testngTest -->
